<?xml version="1.0" encoding="UTF-8"?><testsuite errors="0" failures="0" name="abc.features.search.SearchByKeywordStory" skipped="6" tests="12" time="43.08" timestamp="2019-05-19T15:50:33.443+03:00[Europe/Athens]"><testcase classname="abc.features.search.SearchByKeywordStory" name="Searching by keyword pineapple should display the corresponding article"/><testcase classname="abc.features.search.SearchByKeywordStory" name="Searching by keyword banana should display the corresponding article"/><testcase classname="abc.features.search.SearchByKeywordStory" name="Searching by keyword pear should display the corresponding article"><skipped/></testcase><testcase classname="abc.features.search.SearchByKeywordStory" name="Search wiki by keyword test DDT"/><testcase classname="abc.features.search.SearchByKeywordStory" name="Searching by ambiguious keyword should display the disambiguation page"><skipped/></testcase><testcase classname="abc.features.search.SearchByKeywordStory" name="Searching by keyword apple should display the corresponding article"><skipped/></testcase></testsuite>