<?xml version="1.0" encoding="UTF-8"?><testsuite errors="0" failures="0" name="abc.features.search.SearchByKeywordStory" skipped="3" tests="4" time="11.39" timestamp="2019-04-22T15:59:01.812+03:00[Europe/Bucharest]"><testcase classname="abc.features.search.SearchByKeywordStory" name="Searching by keyword banana should display the corresponding article"/><testcase classname="abc.features.search.SearchByKeywordStory" name="Searching by keyword pear should display the corresponding article"><skipped/></testcase><testcase classname="abc.features.search.SearchByKeywordStory" name="Searching by ambiguious keyword should display the disambiguation page"><skipped/></testcase><testcase classname="abc.features.search.SearchByKeywordStory" name="Searching by keyword apple should display the corresponding article"><skipped/></testcase></testsuite>