<?xml version="1.0" encoding="UTF-8"?><testsuite errors="0" failures="0" name="MySerenityJUnitArchetypeG.features.search.SearchByKeywordStory" skipped="0" tests="4" time="28.59" timestamp="2019-05-08T11:01:56.928+03:00[Europe/Athens]"><testcase classname="MySerenityJUnitArchetypeG.features.search.SearchByKeywordStory" name="Searching by wood keyword should display the disambiguation page"/><testcase classname="MySerenityJUnitArchetypeG.features.search.SearchByKeywordStory" name="Searching by keyword banana should display the corresponding article"/><testcase classname="MySerenityJUnitArchetypeG.features.search.SearchByKeywordStory" name="Searching by keyword pear should display the corresponding article"/><testcase classname="MySerenityJUnitArchetypeG.features.search.SearchByKeywordStory" name="Searching by keyword apple should display the corresponding article"/></testsuite>